Info: Starting: Create block symbol file (.bsf)
Info: qsys-generate /home/ellabuser/altera/15.1/Projects/DE1_SOC_Linux_FB/soc_system.qsys --block-symbol-file --output-directory=/home/ellabuser/altera/15.1/Projects/DE1_SOC_Linux_FB/soc_system --family="Cyclone V" --part=5CSEMA5F31C6
Progress: Loading DE1_SOC_Linux_FB/soc_system.qsys
Progress: Reading input file
Progress: Adding TERASIC_CAMERA_0 [TERASIC_CAMERA 1.0]
Progress: Parameterizing module TERASIC_CAMERA_0
Progress: Adding alt_vip_itc_0 [alt_vip_itc 14.0]
Progress: Parameterizing module alt_vip_itc_0
Progress: Adding alt_vip_vfb_0 [alt_vip_vfb 13.1]
Progress: Parameterizing module alt_vip_vfb_0
Progress: Adding alt_vip_vfr_vga [alt_vip_vfr 14.0]
Progress: Parameterizing module alt_vip_vfr_vga
Progress: Adding clk_0 [clock_source 15.1]
Progress: Parameterizing module clk_0
Progress: Adding hps_0 [altera_hps 15.1]
Progress: Parameterizing module hps_0
Progress: Adding i2c_opencores_camera [i2c_opencores 12.0]
Progress: Parameterizing module i2c_opencores_camera
Progress: Adding i2c_opencores_mipi [i2c_opencores 12.0]
Progress: Parameterizing module i2c_opencores_mipi
Progress: Adding intr_capturer_0 [intr_capturer 100.99.98.97]
Progress: Parameterizing module intr_capturer_0
Progress: Adding jtag_uart [altera_avalon_jtag_uart 15.1]
Progress: Parameterizing module jtag_uart
Progress: Adding key [altera_avalon_pio 15.1]
Progress: Parameterizing module key
Progress: Adding led [altera_avalon_pio 15.1]
Progress: Parameterizing module led
Progress: Adding master_non_sec [altera_jtag_avalon_master 15.1]
Progress: Parameterizing module master_non_sec
Progress: Adding master_secure [altera_jtag_avalon_master 15.1]
Progress: Parameterizing module master_secure
Progress: Adding mipi_pwdn_n [altera_avalon_pio 15.1]
Progress: Parameterizing module mipi_pwdn_n
Progress: Adding mipi_reset_n [altera_avalon_pio 15.1]
Progress: Parameterizing module mipi_reset_n
Progress: Adding pll_0 [altera_pll 15.1]
Progress: Parameterizing module pll_0
Progress: Adding pll_stream [altera_pll 15.1]
Progress: Parameterizing module pll_stream
Progress: Adding sdram [altera_avalon_new_sdram_controller 15.1]
Progress: Parameterizing module sdram
Progress: Adding sw [altera_avalon_pio 15.1]
Progress: Parameterizing module sw
Progress: Adding sysid_qsys [altera_avalon_sysid_qsys 15.1]
Progress: Parameterizing module sysid_qsys
Progress: Building connections
Progress: Parameterizing connections
Progress: Validating
Progress: Done reading input file
Warning: soc_system.alt_vip_vfr_vga: The module properties SIMULATION_MODEL_IN_VERILOG and SIMULATION_MODEL_IN_VHDL can not both be set when using the SIMULATION file property: src_hdl/alt_vipvfr131_vfr.v, src_hdl/alt_vipvfr131_vfr_controller.v, src_hdl/alt_vipvfr131_vfr_control_packet_encoder.v, src_hdl/alt_vipvfr131_prc.v, src_hdl/alt_vipvfr131_prc_core.v, src_hdl/alt_vipvfr131_prc_read_master.v, /home/ellabuser/altera/15.1/ip/altera/frame_reader/common_hdl/alt_vipvfr131_common_package.vhd, /home/ellabuser/altera/15.1/ip/altera/frame_reader/common_hdl/alt_vipvfr131_common_avalon_mm_bursting_master_fifo.vhd, /home/ellabuser/altera/15.1/ip/altera/frame_reader/common_hdl/alt_vipvfr131_common_avalon_mm_master.v, /home/ellabuser/altera/15.1/ip/altera/frame_reader/common_hdl/alt_vipvfr131_common_unpack_data.v, /home/ellabuser/altera/15.1/ip/altera/frame_reader/common_hdl/alt_vipvfr131_common_avalon_mm_slave.v, /home/ellabuser/altera/15.1/ip/altera/frame_reader/common_hdl/alt_vipvfr131_common_stream_output.v, /home/ellabuser/altera/15.1/ip/altera/frame_reader/common_hdl/alt_vipvfr131_common_pulling_width_adapter.vhd, /home/ellabuser/altera/15.1/ip/altera/frame_reader/common_hdl/alt_vipvfr131_common_general_fifo.vhd, /home/ellabuser/altera/15.1/ip/altera/frame_reader/common_hdl/alt_vipvfr131_common_fifo_usedw_calculator.vhd, /home/ellabuser/altera/15.1/ip/altera/frame_reader/common_hdl/alt_vipvfr131_common_gray_clock_crosser.vhd, /home/ellabuser/altera/15.1/ip/altera/frame_reader/common_hdl/alt_vipvfr131_common_std_logic_vector_delay.vhd, /home/ellabuser/altera/15.1/ip/altera/frame_reader/common_hdl/alt_vipvfr131_common_one_bit_delay.vhd, /home/ellabuser/altera/15.1/ip/altera/frame_reader/common_hdl/alt_vipvfr131_common_logic_fifo.vhd, /home/ellabuser/altera/15.1/ip/altera/frame_reader/common_hdl/alt_vipvfr131_common_ram_fifo.vhd
Info: soc_system.hps_0: HPS Main PLL counter settings: n = 0  m = 73
Info: soc_system.hps_0: HPS peripherial PLL counter settings: n = 0  m = 39
Warning: soc_system.hps_0: "Configuration/HPS-to-FPGA user 0 clock frequency" (desired_cfg_clk_mhz) requested 100.0 MHz, but only achieved 97.368421 MHz
Warning: soc_system.hps_0: "QSPI clock frequency" (desired_qspi_clk_mhz) requested 400.0 MHz, but only achieved 370.0 MHz
Warning: soc_system.hps_0: 1 or more output clock frequencies cannot be achieved precisely, consider revising desired output clock frequencies.
Info: soc_system.hps_0: Ensure that valid Cortex A9 boot code is available to the HPS system when enabling boot from FPGA and h2f_axi_master interface is connecting to slave component start at address 0x0.
Info: soc_system.key: PIO inputs are not hardwired in test bench. Undefined values will be read from PIO inputs during simulation.
Info: soc_system.pll_0: The legal reference clock frequency is 5.0 MHz..800.0 MHz
Info: soc_system.pll_0: Able to implement PLL with user settings
Info: soc_system.pll_stream: The legal reference clock frequency is 50.0 MHz..800.0 MHz
Info: soc_system.pll_stream: Able to implement PLL with user settings
Info: soc_system.sw: PIO inputs are not hardwired in test bench. Undefined values will be read from PIO inputs during simulation.
Info: soc_system.sysid_qsys: System ID is not assigned automatically. Edit the System ID parameter to provide a unique ID
Info: soc_system.sysid_qsys: Time stamp will be automatically updated when this component is generated.
Warning: soc_system.alt_vip_vfb_0.dout: alt_vip_vfb_0.dout must be connected to an Avalon-ST sink
Warning: soc_system.hps_0: hps_0.f2h_boot_from_fpga must be exported, or connected to a matching conduit.
Warning: soc_system.pll_stream: pll_stream.locked must be exported, or connected to a matching conduit.
Warning: soc_system.alt_vip_vfr_vga: Interrupt sender alt_vip_vfr_vga.interrupt_sender is not connected to an interrupt receiver
Warning: soc_system.i2c_opencores_camera: Interrupt sender i2c_opencores_camera.interrupt_sender is not connected to an interrupt receiver
Warning: soc_system.i2c_opencores_mipi: Interrupt sender i2c_opencores_mipi.interrupt_sender is not connected to an interrupt receiver
Info: qsys-generate succeeded.
Info: Finished: Create block symbol file (.bsf)
Info: 
Info: Starting: Create HDL design files for synthesis
Info: qsys-generate /home/ellabuser/altera/15.1/Projects/DE1_SOC_Linux_FB/soc_system.qsys --synthesis=VERILOG --output-directory=/home/ellabuser/altera/15.1/Projects/DE1_SOC_Linux_FB/soc_system/synthesis --family="Cyclone V" --part=5CSEMA5F31C6
Progress: Loading DE1_SOC_Linux_FB/soc_system.qsys
Progress: Reading input file
Progress: Adding TERASIC_CAMERA_0 [TERASIC_CAMERA 1.0]
Progress: Parameterizing module TERASIC_CAMERA_0
Progress: Adding alt_vip_itc_0 [alt_vip_itc 14.0]
Progress: Parameterizing module alt_vip_itc_0
Progress: Adding alt_vip_vfb_0 [alt_vip_vfb 13.1]
Progress: Parameterizing module alt_vip_vfb_0
Progress: Adding alt_vip_vfr_vga [alt_vip_vfr 14.0]
Progress: Parameterizing module alt_vip_vfr_vga
Progress: Adding clk_0 [clock_source 15.1]
Progress: Parameterizing module clk_0
Progress: Adding hps_0 [altera_hps 15.1]
Progress: Parameterizing module hps_0
Progress: Adding i2c_opencores_camera [i2c_opencores 12.0]
Progress: Parameterizing module i2c_opencores_camera
Progress: Adding i2c_opencores_mipi [i2c_opencores 12.0]
Progress: Parameterizing module i2c_opencores_mipi
Progress: Adding intr_capturer_0 [intr_capturer 100.99.98.97]
Progress: Parameterizing module intr_capturer_0
Progress: Adding jtag_uart [altera_avalon_jtag_uart 15.1]
Progress: Parameterizing module jtag_uart
Progress: Adding key [altera_avalon_pio 15.1]
Progress: Parameterizing module key
Progress: Adding led [altera_avalon_pio 15.1]
Progress: Parameterizing module led
Progress: Adding master_non_sec [altera_jtag_avalon_master 15.1]
Progress: Parameterizing module master_non_sec
Progress: Adding master_secure [altera_jtag_avalon_master 15.1]
Progress: Parameterizing module master_secure
Progress: Adding mipi_pwdn_n [altera_avalon_pio 15.1]
Progress: Parameterizing module mipi_pwdn_n
Progress: Adding mipi_reset_n [altera_avalon_pio 15.1]
Progress: Parameterizing module mipi_reset_n
Progress: Adding pll_0 [altera_pll 15.1]
Progress: Parameterizing module pll_0
Progress: Adding pll_stream [altera_pll 15.1]
Progress: Parameterizing module pll_stream
Progress: Adding sdram [altera_avalon_new_sdram_controller 15.1]
Progress: Parameterizing module sdram
Progress: Adding sw [altera_avalon_pio 15.1]
Progress: Parameterizing module sw
Progress: Adding sysid_qsys [altera_avalon_sysid_qsys 15.1]
Progress: Parameterizing module sysid_qsys
Progress: Building connections
Progress: Parameterizing connections
Progress: Validating
Progress: Done reading input file
Warning: soc_system.alt_vip_vfr_vga: The module properties SIMULATION_MODEL_IN_VERILOG and SIMULATION_MODEL_IN_VHDL can not both be set when using the SIMULATION file property: src_hdl/alt_vipvfr131_vfr.v, src_hdl/alt_vipvfr131_vfr_controller.v, src_hdl/alt_vipvfr131_vfr_control_packet_encoder.v, src_hdl/alt_vipvfr131_prc.v, src_hdl/alt_vipvfr131_prc_core.v, src_hdl/alt_vipvfr131_prc_read_master.v, /home/ellabuser/altera/15.1/ip/altera/frame_reader/common_hdl/alt_vipvfr131_common_package.vhd, /home/ellabuser/altera/15.1/ip/altera/frame_reader/common_hdl/alt_vipvfr131_common_avalon_mm_bursting_master_fifo.vhd, /home/ellabuser/altera/15.1/ip/altera/frame_reader/common_hdl/alt_vipvfr131_common_avalon_mm_master.v, /home/ellabuser/altera/15.1/ip/altera/frame_reader/common_hdl/alt_vipvfr131_common_unpack_data.v, /home/ellabuser/altera/15.1/ip/altera/frame_reader/common_hdl/alt_vipvfr131_common_avalon_mm_slave.v, /home/ellabuser/altera/15.1/ip/altera/frame_reader/common_hdl/alt_vipvfr131_common_stream_output.v, /home/ellabuser/altera/15.1/ip/altera/frame_reader/common_hdl/alt_vipvfr131_common_pulling_width_adapter.vhd, /home/ellabuser/altera/15.1/ip/altera/frame_reader/common_hdl/alt_vipvfr131_common_general_fifo.vhd, /home/ellabuser/altera/15.1/ip/altera/frame_reader/common_hdl/alt_vipvfr131_common_fifo_usedw_calculator.vhd, /home/ellabuser/altera/15.1/ip/altera/frame_reader/common_hdl/alt_vipvfr131_common_gray_clock_crosser.vhd, /home/ellabuser/altera/15.1/ip/altera/frame_reader/common_hdl/alt_vipvfr131_common_std_logic_vector_delay.vhd, /home/ellabuser/altera/15.1/ip/altera/frame_reader/common_hdl/alt_vipvfr131_common_one_bit_delay.vhd, /home/ellabuser/altera/15.1/ip/altera/frame_reader/common_hdl/alt_vipvfr131_common_logic_fifo.vhd, /home/ellabuser/altera/15.1/ip/altera/frame_reader/common_hdl/alt_vipvfr131_common_ram_fifo.vhd
Info: soc_system.hps_0: HPS Main PLL counter settings: n = 0  m = 73
Info: soc_system.hps_0: HPS peripherial PLL counter settings: n = 0  m = 39
Warning: soc_system.hps_0: "Configuration/HPS-to-FPGA user 0 clock frequency" (desired_cfg_clk_mhz) requested 100.0 MHz, but only achieved 97.368421 MHz
Warning: soc_system.hps_0: "QSPI clock frequency" (desired_qspi_clk_mhz) requested 400.0 MHz, but only achieved 370.0 MHz
Warning: soc_system.hps_0: 1 or more output clock frequencies cannot be achieved precisely, consider revising desired output clock frequencies.
Info: soc_system.hps_0: Ensure that valid Cortex A9 boot code is available to the HPS system when enabling boot from FPGA and h2f_axi_master interface is connecting to slave component start at address 0x0.
Info: soc_system.key: PIO inputs are not hardwired in test bench. Undefined values will be read from PIO inputs during simulation.
Info: soc_system.pll_0: The legal reference clock frequency is 5.0 MHz..800.0 MHz
Info: soc_system.pll_0: Able to implement PLL with user settings
Info: soc_system.pll_stream: The legal reference clock frequency is 50.0 MHz..800.0 MHz
Info: soc_system.pll_stream: Able to implement PLL with user settings
Info: soc_system.sw: PIO inputs are not hardwired in test bench. Undefined values will be read from PIO inputs during simulation.
Info: soc_system.sysid_qsys: System ID is not assigned automatically. Edit the System ID parameter to provide a unique ID
Info: soc_system.sysid_qsys: Time stamp will be automatically updated when this component is generated.
Warning: soc_system.alt_vip_vfb_0.dout: alt_vip_vfb_0.dout must be connected to an Avalon-ST sink
Warning: soc_system.hps_0: hps_0.f2h_boot_from_fpga must be exported, or connected to a matching conduit.
Warning: soc_system.pll_stream: pll_stream.locked must be exported, or connected to a matching conduit.
Warning: soc_system.alt_vip_vfr_vga: Interrupt sender alt_vip_vfr_vga.interrupt_sender is not connected to an interrupt receiver
Warning: soc_system.i2c_opencores_camera: Interrupt sender i2c_opencores_camera.interrupt_sender is not connected to an interrupt receiver
Warning: soc_system.i2c_opencores_mipi: Interrupt sender i2c_opencores_mipi.interrupt_sender is not connected to an interrupt receiver
Info: soc_system: Generating soc_system "soc_system" for QUARTUS_SYNTH
Info: Inserting clock-crossing logic between cmd_demux.src1 and cmd_mux_001.sink0
Info: Inserting clock-crossing logic between cmd_demux.src5 and cmd_mux_005.sink0
Info: Inserting clock-crossing logic between cmd_demux.src6 and cmd_mux_006.sink0
Info: Inserting clock-crossing logic between cmd_demux.src7 and cmd_mux_007.sink0
Info: Inserting clock-crossing logic between cmd_demux_001.src1 and cmd_mux_001.sink1
Info: Inserting clock-crossing logic between cmd_demux_001.src5 and cmd_mux_005.sink1
Info: Inserting clock-crossing logic between cmd_demux_001.src6 and cmd_mux_006.sink1
Info: Inserting clock-crossing logic between cmd_demux_001.src7 and cmd_mux_007.sink1
Info: Inserting clock-crossing logic between cmd_demux_002.src1 and cmd_mux_001.sink2
Info: Inserting clock-crossing logic between cmd_demux_002.src3 and cmd_mux_005.sink2
Info: Inserting clock-crossing logic between cmd_demux_002.src4 and cmd_mux_006.sink2
Info: Inserting clock-crossing logic between cmd_demux_002.src5 and cmd_mux_007.sink2
Info: Inserting clock-crossing logic between rsp_demux_001.src0 and rsp_mux.sink1
Info: Inserting clock-crossing logic between rsp_demux_001.src1 and rsp_mux_001.sink1
Info: Inserting clock-crossing logic between rsp_demux_001.src2 and rsp_mux_002.sink1
Info: Inserting clock-crossing logic between rsp_demux_005.src0 and rsp_mux.sink5
Info: Inserting clock-crossing logic between rsp_demux_005.src1 and rsp_mux_001.sink5
Info: Inserting clock-crossing logic between rsp_demux_005.src2 and rsp_mux_002.sink3
Info: Inserting clock-crossing logic between rsp_demux_006.src0 and rsp_mux.sink6
Info: Inserting clock-crossing logic between rsp_demux_006.src1 and rsp_mux_001.sink6
Info: Inserting clock-crossing logic between rsp_demux_006.src2 and rsp_mux_002.sink4
Info: Inserting clock-crossing logic between rsp_demux_007.src0 and rsp_mux.sink7
Info: Inserting clock-crossing logic between rsp_demux_007.src1 and rsp_mux_001.sink7
Info: Inserting clock-crossing logic between rsp_demux_007.src2 and rsp_mux_002.sink5
Warning: hps_0.f2h_irq0: Cannot connect clock for irq_mapper.sender
Warning: hps_0.f2h_irq0: Cannot connect reset for irq_mapper.sender
Warning: hps_0.f2h_irq1: Cannot connect clock for irq_mapper_001.sender
Warning: hps_0.f2h_irq1: Cannot connect reset for irq_mapper_001.sender
Info: TERASIC_CAMERA_0: "soc_system" instantiated TERASIC_CAMERA "TERASIC_CAMERA_0"
Info: alt_vip_itc_0: "soc_system" instantiated alt_vip_itc "alt_vip_itc_0"
Info: alt_vip_vfb_0: "soc_system" instantiated alt_vip_vfb "alt_vip_vfb_0"
Info: alt_vip_vfr_vga: "soc_system" instantiated alt_vip_vfr "alt_vip_vfr_vga"
Info: hps_0: "Running  for module: hps_0"
Info: hps_0: HPS Main PLL counter settings: n = 0  m = 73
Info: hps_0: HPS peripherial PLL counter settings: n = 0  m = 39
Warning: hps_0: "Configuration/HPS-to-FPGA user 0 clock frequency" (desired_cfg_clk_mhz) requested 100.0 MHz, but only achieved 97.368421 MHz
Warning: hps_0: "QSPI clock frequency" (desired_qspi_clk_mhz) requested 400.0 MHz, but only achieved 370.0 MHz
Warning: hps_0: 1 or more output clock frequencies cannot be achieved precisely, consider revising desired output clock frequencies.
Info: hps_0: Ensure that valid Cortex A9 boot code is available to the HPS system when enabling boot from FPGA and h2f_axi_master interface is connecting to slave component start at address 0x0.
Info: hps_0: "soc_system" instantiated altera_hps "hps_0"
Info: i2c_opencores_camera: "soc_system" instantiated i2c_opencores "i2c_opencores_camera"
Info: intr_capturer_0: "soc_system" instantiated intr_capturer "intr_capturer_0"
Info: jtag_uart: Starting RTL generation for module 'soc_system_jtag_uart'
Info: jtag_uart:   Generation command is [exec /home/ellabuser/altera/15.1/quartus/linux64/perl/bin/perl -I /home/ellabuser/altera/15.1/quartus/linux64/perl/lib -I /home/ellabuser/altera/15.1/quartus/sopc_builder/bin/europa -I /home/ellabuser/altera/15.1/quartus/sopc_builder/bin/perl_lib -I /home/ellabuser/altera/15.1/quartus/sopc_builder/bin -I /home/ellabuser/altera/15.1/quartus/../ip/altera/sopc_builder_ip/common -I /home/ellabuser/altera/15.1/quartus/../ip/altera/sopc_builder_ip/altera_avalon_jtag_uart -- /home/ellabuser/altera/15.1/quartus/../ip/altera/sopc_builder_ip/altera_avalon_jtag_uart/generate_rtl.pl --name=soc_system_jtag_uart --dir=/tmp/alt7641_8822487963540271171.dir/0010_jtag_uart_gen/ --quartus_dir=/home/ellabuser/altera/15.1/quartus --verilog --config=/tmp/alt7641_8822487963540271171.dir/0010_jtag_uart_gen//soc_system_jtag_uart_component_configuration.pl  --do_build_sim=0  ]
Info: jtag_uart: Done RTL generation for module 'soc_system_jtag_uart'
Info: jtag_uart: "soc_system" instantiated altera_avalon_jtag_uart "jtag_uart"
Info: key: Starting RTL generation for module 'soc_system_key'
Info: key:   Generation command is [exec /home/ellabuser/altera/15.1/quartus/linux64/perl/bin/perl -I /home/ellabuser/altera/15.1/quartus/linux64/perl/lib -I /home/ellabuser/altera/15.1/quartus/sopc_builder/bin/europa -I /home/ellabuser/altera/15.1/quartus/sopc_builder/bin/perl_lib -I /home/ellabuser/altera/15.1/quartus/sopc_builder/bin -I /home/ellabuser/altera/15.1/quartus/../ip/altera/sopc_builder_ip/common -I /home/ellabuser/altera/15.1/quartus/../ip/altera/sopc_builder_ip/altera_avalon_pio -- /home/ellabuser/altera/15.1/quartus/../ip/altera/sopc_builder_ip/altera_avalon_pio/generate_rtl.pl --name=soc_system_key --dir=/tmp/alt7641_8822487963540271171.dir/0011_key_gen/ --quartus_dir=/home/ellabuser/altera/15.1/quartus --verilog --config=/tmp/alt7641_8822487963540271171.dir/0011_key_gen//soc_system_key_component_configuration.pl  --do_build_sim=0  ]
Info: key: Done RTL generation for module 'soc_system_key'
Info: key: "soc_system" instantiated altera_avalon_pio "key"
Info: led: Starting RTL generation for module 'soc_system_led'
Info: led:   Generation command is [exec /home/ellabuser/altera/15.1/quartus/linux64/perl/bin/perl -I /home/ellabuser/altera/15.1/quartus/linux64/perl/lib -I /home/ellabuser/altera/15.1/quartus/sopc_builder/bin/europa -I /home/ellabuser/altera/15.1/quartus/sopc_builder/bin/perl_lib -I /home/ellabuser/altera/15.1/quartus/sopc_builder/bin -I /home/ellabuser/altera/15.1/quartus/../ip/altera/sopc_builder_ip/common -I /home/ellabuser/altera/15.1/quartus/../ip/altera/sopc_builder_ip/altera_avalon_pio -- /home/ellabuser/altera/15.1/quartus/../ip/altera/sopc_builder_ip/altera_avalon_pio/generate_rtl.pl --name=soc_system_led --dir=/tmp/alt7641_8822487963540271171.dir/0012_led_gen/ --quartus_dir=/home/ellabuser/altera/15.1/quartus --verilog --config=/tmp/alt7641_8822487963540271171.dir/0012_led_gen//soc_system_led_component_configuration.pl  --do_build_sim=0  ]
Info: led: Done RTL generation for module 'soc_system_led'
Info: led: "soc_system" instantiated altera_avalon_pio "led"
Info: master_non_sec: "soc_system" instantiated altera_jtag_avalon_master "master_non_sec"
Info: mipi_pwdn_n: Starting RTL generation for module 'soc_system_mipi_pwdn_n'
Info: mipi_pwdn_n:   Generation command is [exec /home/ellabuser/altera/15.1/quartus/linux64/perl/bin/perl -I /home/ellabuser/altera/15.1/quartus/linux64/perl/lib -I /home/ellabuser/altera/15.1/quartus/sopc_builder/bin/europa -I /home/ellabuser/altera/15.1/quartus/sopc_builder/bin/perl_lib -I /home/ellabuser/altera/15.1/quartus/sopc_builder/bin -I /home/ellabuser/altera/15.1/quartus/../ip/altera/sopc_builder_ip/common -I /home/ellabuser/altera/15.1/quartus/../ip/altera/sopc_builder_ip/altera_avalon_pio -- /home/ellabuser/altera/15.1/quartus/../ip/altera/sopc_builder_ip/altera_avalon_pio/generate_rtl.pl --name=soc_system_mipi_pwdn_n --dir=/tmp/alt7641_8822487963540271171.dir/0013_mipi_pwdn_n_gen/ --quartus_dir=/home/ellabuser/altera/15.1/quartus --verilog --config=/tmp/alt7641_8822487963540271171.dir/0013_mipi_pwdn_n_gen//soc_system_mipi_pwdn_n_component_configuration.pl  --do_build_sim=0  ]
Info: mipi_pwdn_n: Done RTL generation for module 'soc_system_mipi_pwdn_n'
Info: mipi_pwdn_n: "soc_system" instantiated altera_avalon_pio "mipi_pwdn_n"
Info: pll_0: "soc_system" instantiated altera_pll "pll_0"
Info: pll_stream: "soc_system" instantiated altera_pll "pll_stream"
Info: sdram: Starting RTL generation for module 'soc_system_sdram'
Info: sdram:   Generation command is [exec /home/ellabuser/altera/15.1/quartus/linux64/perl/bin/perl -I /home/ellabuser/altera/15.1/quartus/linux64/perl/lib -I /home/ellabuser/altera/15.1/quartus/sopc_builder/bin/europa -I /home/ellabuser/altera/15.1/quartus/sopc_builder/bin/perl_lib -I /home/ellabuser/altera/15.1/quartus/sopc_builder/bin -I /home/ellabuser/altera/15.1/quartus/../ip/altera/sopc_builder_ip/common -I /home/ellabuser/altera/15.1/quartus/../ip/altera/sopc_builder_ip/altera_avalon_new_sdram_controller -- /home/ellabuser/altera/15.1/quartus/../ip/altera/sopc_builder_ip/altera_avalon_new_sdram_controller/generate_rtl.pl --name=soc_system_sdram --dir=/tmp/alt7641_8822487963540271171.dir/0016_sdram_gen/ --quartus_dir=/home/ellabuser/altera/15.1/quartus --verilog --config=/tmp/alt7641_8822487963540271171.dir/0016_sdram_gen//soc_system_sdram_component_configuration.pl  --do_build_sim=0  ]
Info: sdram: Done RTL generation for module 'soc_system_sdram'
Info: sdram: "soc_system" instantiated altera_avalon_new_sdram_controller "sdram"
Info: sw: Starting RTL generation for module 'soc_system_sw'
Info: sw:   Generation command is [exec /home/ellabuser/altera/15.1/quartus/linux64/perl/bin/perl -I /home/ellabuser/altera/15.1/quartus/linux64/perl/lib -I /home/ellabuser/altera/15.1/quartus/sopc_builder/bin/europa -I /home/ellabuser/altera/15.1/quartus/sopc_builder/bin/perl_lib -I /home/ellabuser/altera/15.1/quartus/sopc_builder/bin -I /home/ellabuser/altera/15.1/quartus/../ip/altera/sopc_builder_ip/common -I /home/ellabuser/altera/15.1/quartus/../ip/altera/sopc_builder_ip/altera_avalon_pio -- /home/ellabuser/altera/15.1/quartus/../ip/altera/sopc_builder_ip/altera_avalon_pio/generate_rtl.pl --name=soc_system_sw --dir=/tmp/alt7641_8822487963540271171.dir/0017_sw_gen/ --quartus_dir=/home/ellabuser/altera/15.1/quartus --verilog --config=/tmp/alt7641_8822487963540271171.dir/0017_sw_gen//soc_system_sw_component_configuration.pl  --do_build_sim=0  ]
Info: sw: Done RTL generation for module 'soc_system_sw'
Info: sw: "soc_system" instantiated altera_avalon_pio "sw"
Info: sysid_qsys: "soc_system" instantiated altera_avalon_sysid_qsys "sysid_qsys"
Info: mm_interconnect_0: "soc_system" instantiated altera_mm_interconnect "mm_interconnect_0"
Info: avalon_st_adapter: Inserting error_adapter: error_adapter_0
Info: avalon_st_adapter_001: Inserting error_adapter: error_adapter_0
Info: avalon_st_adapter_002: Inserting error_adapter: error_adapter_0
Info: avalon_st_adapter_003: Inserting error_adapter: error_adapter_0
Info: avalon_st_adapter_004: Inserting error_adapter: error_adapter_0
Info: avalon_st_adapter_005: Inserting error_adapter: error_adapter_0
Info: avalon_st_adapter_006: Inserting error_adapter: error_adapter_0
Info: avalon_st_adapter_007: Inserting error_adapter: error_adapter_0
Info: avalon_st_adapter_008: Inserting error_adapter: error_adapter_0
Info: avalon_st_adapter_009: Inserting error_adapter: error_adapter_0
Info: avalon_st_adapter_010: Inserting error_adapter: error_adapter_0
Info: mm_interconnect_1: "soc_system" instantiated altera_mm_interconnect "mm_interconnect_1"
Info: avalon_st_adapter: Inserting error_adapter: error_adapter_0
Info: mm_interconnect_2: "soc_system" instantiated altera_mm_interconnect "mm_interconnect_2"
Info: irq_mapper: "soc_system" instantiated altera_irq_mapper "irq_mapper"
Info: irq_mapper_001: "soc_system" instantiated altera_irq_mapper "irq_mapper_001"
Info: irq_synchronizer: "soc_system" instantiated altera_irq_clock_crosser "irq_synchronizer"
Info: rst_controller: "soc_system" instantiated altera_reset_controller "rst_controller"
Info: vfb_writer_packet_write_address_au_l_muxinst: "alt_vip_vfb_0" instantiated alt_cusp_muxbin2 "vfb_writer_packet_write_address_au_l_muxinst"
Info: vfb_writer_packet_write_address_au: "alt_vip_vfb_0" instantiated alt_au "vfb_writer_packet_write_address_au"
Info: vfb_writer_overflow_flag_reg: "alt_vip_vfb_0" instantiated alt_reg "vfb_writer_overflow_flag_reg"
Info: Reusing file /home/ellabuser/altera/15.1/Projects/DE1_SOC_Linux_FB/soc_system/synthesis/submodules/alt_cusp151_package.vhd
Info: vfb_writer_length_counter_au_enable_muxinst: "alt_vip_vfb_0" instantiated alt_cusp_muxhot16 "vfb_writer_length_counter_au_enable_muxinst"
Info: din: "alt_vip_vfb_0" instantiated alt_avalon_st_input "din"
Info: Reusing file /home/ellabuser/altera/15.1/Projects/DE1_SOC_Linux_FB/soc_system/synthesis/submodules/alt_cusp151_package.vhd
Info: dout: "alt_vip_vfb_0" instantiated alt_avalon_st_output "dout"
Info: Reusing file /home/ellabuser/altera/15.1/Projects/DE1_SOC_Linux_FB/soc_system/synthesis/submodules/alt_cusp151_package.vhd
Info: read_master: "alt_vip_vfb_0" instantiated alt_avalon_mm_bursting_master_fifo "read_master"
Info: Reusing file /home/ellabuser/altera/15.1/Projects/DE1_SOC_Linux_FB/soc_system/synthesis/submodules/alt_cusp151_package.vhd
Info: read_master_pull: "alt_vip_vfb_0" instantiated alt_cusp_pulling_width_adapter "read_master_pull"
Info: Reusing file /home/ellabuser/altera/15.1/Projects/DE1_SOC_Linux_FB/soc_system/synthesis/submodules/alt_cusp151_package.vhd
Info: write_master_push: "alt_vip_vfb_0" instantiated alt_cusp_pushing_width_adapter "write_master_push"
Info: Reusing file /home/ellabuser/altera/15.1/Projects/DE1_SOC_Linux_FB/soc_system/synthesis/submodules/alt_cusp151_package.vhd
Info: pc0: "alt_vip_vfb_0" instantiated alt_pc "pc0"
Info: Reusing file /home/ellabuser/altera/15.1/Projects/DE1_SOC_Linux_FB/soc_system/synthesis/submodules/alt_cusp151_package.vhd
Info: fu_id_4827_line325_93: "alt_vip_vfb_0" instantiated alt_cmp "fu_id_4827_line325_93"
Info: Reusing file /home/ellabuser/altera/15.1/Projects/DE1_SOC_Linux_FB/soc_system/synthesis/submodules/alt_cusp151_package.vhd
Info: clocksource: "alt_vip_vfb_0" instantiated alt_cusp_testbench_clock "clocksource"
Info: Reusing file /home/ellabuser/altera/15.1/Projects/DE1_SOC_Linux_FB/soc_system/synthesis/submodules/alt_cusp151_package.vhd
Info: fpga_interfaces: "hps_0" instantiated altera_interface_generator "fpga_interfaces"
Info: hps_io: "hps_0" instantiated altera_hps_io "hps_io"
Info: jtag_phy_embedded_in_jtag_master: "master_non_sec" instantiated altera_jtag_dc_streaming "jtag_phy_embedded_in_jtag_master"
Info: timing_adt: "master_non_sec" instantiated timing_adapter "timing_adt"
Info: fifo: "master_non_sec" instantiated altera_avalon_sc_fifo "fifo"
Info: b2p: "master_non_sec" instantiated altera_avalon_st_bytes_to_packets "b2p"
Info: p2b: "master_non_sec" instantiated altera_avalon_st_packets_to_bytes "p2b"
Info: transacto: "master_non_sec" instantiated altera_avalon_packets_to_master "transacto"
Info: b2p_adapter: "master_non_sec" instantiated channel_adapter "b2p_adapter"
Info: p2b_adapter: "master_non_sec" instantiated channel_adapter "p2b_adapter"
Info: alt_vip_vfr_vga_avalon_master_translator: "mm_interconnect_0" instantiated altera_merlin_master_translator "alt_vip_vfr_vga_avalon_master_translator"
Info: alt_vip_vfr_vga_avalon_master_agent: "mm_interconnect_0" instantiated altera_merlin_master_agent "alt_vip_vfr_vga_avalon_master_agent"
Info: hps_0_f2h_axi_slave_agent: "mm_interconnect_0" instantiated altera_merlin_axi_slave_ni "hps_0_f2h_axi_slave_agent"
Info: Reusing file /home/ellabuser/altera/15.1/Projects/DE1_SOC_Linux_FB/soc_system/synthesis/submodules/altera_avalon_sc_fifo.v
Info: router: "mm_interconnect_0" instantiated altera_merlin_router "router"
Info: router_001: "mm_interconnect_0" instantiated altera_merlin_router "router_001"
Info: router_002: "mm_interconnect_0" instantiated altera_merlin_router "router_002"
Info: alt_vip_vfr_vga_avalon_master_limiter: "mm_interconnect_0" instantiated altera_merlin_traffic_limiter "alt_vip_vfr_vga_avalon_master_limiter"
Info: Reusing file /home/ellabuser/altera/15.1/Projects/DE1_SOC_Linux_FB/soc_system/synthesis/submodules/altera_avalon_sc_fifo.v
Info: Reusing file /home/ellabuser/altera/15.1/Projects/DE1_SOC_Linux_FB/soc_system/synthesis/submodules/altera_avalon_st_pipeline_base.v
Info: hps_0_f2h_axi_slave_wr_burst_adapter: "mm_interconnect_0" instantiated altera_merlin_burst_adapter "hps_0_f2h_axi_slave_wr_burst_adapter"
Info: Reusing file /home/ellabuser/altera/15.1/Projects/DE1_SOC_Linux_FB/soc_system/synthesis/submodules/altera_merlin_address_alignment.sv
Info: Reusing file /home/ellabuser/altera/15.1/Projects/DE1_SOC_Linux_FB/soc_system/synthesis/submodules/altera_avalon_st_pipeline_stage.sv
Info: Reusing file /home/ellabuser/altera/15.1/Projects/DE1_SOC_Linux_FB/soc_system/synthesis/submodules/altera_avalon_st_pipeline_base.v
Info: cmd_demux: "mm_interconnect_0" instantiated altera_merlin_demultiplexer "cmd_demux"
Info: cmd_demux_001: "mm_interconnect_0" instantiated altera_merlin_demultiplexer "cmd_demux_001"
Info: cmd_mux: "mm_interconnect_0" instantiated altera_merlin_multiplexer "cmd_mux"
Info: rsp_mux: "mm_interconnect_0" instantiated altera_merlin_multiplexer "rsp_mux"
Info: Reusing file /home/ellabuser/altera/15.1/Projects/DE1_SOC_Linux_FB/soc_system/synthesis/submodules/altera_merlin_arbitrator.sv
Info: master_secure_master_cmd_width_adapter: "mm_interconnect_0" instantiated altera_merlin_width_adapter "master_secure_master_cmd_width_adapter"
Info: Reusing file /home/ellabuser/altera/15.1/Projects/DE1_SOC_Linux_FB/soc_system/synthesis/submodules/altera_merlin_address_alignment.sv
Info: Reusing file /home/ellabuser/altera/15.1/Projects/DE1_SOC_Linux_FB/soc_system/synthesis/submodules/altera_merlin_burst_uncompressor.sv
Info: jtag_uart_avalon_jtag_slave_translator: "mm_interconnect_1" instantiated altera_merlin_slave_translator "jtag_uart_avalon_jtag_slave_translator"
Info: hps_0_h2f_lw_axi_master_agent: "mm_interconnect_1" instantiated altera_merlin_axi_master_ni "hps_0_h2f_lw_axi_master_agent"
Info: Reusing file /home/ellabuser/altera/15.1/Projects/DE1_SOC_Linux_FB/soc_system/synthesis/submodules/altera_merlin_address_alignment.sv
Info: jtag_uart_avalon_jtag_slave_agent: "mm_interconnect_1" instantiated altera_merlin_slave_agent "jtag_uart_avalon_jtag_slave_agent"
Info: Reusing file /home/ellabuser/altera/15.1/Projects/DE1_SOC_Linux_FB/soc_system/synthesis/submodules/altera_merlin_burst_uncompressor.sv
Info: router: "mm_interconnect_1" instantiated altera_merlin_router "router"
Info: router_002: "mm_interconnect_1" instantiated altera_merlin_router "router_002"
Info: router_003: "mm_interconnect_1" instantiated altera_merlin_router "router_003"
Info: router_005: "mm_interconnect_1" instantiated altera_merlin_router "router_005"
Info: router_013: "mm_interconnect_1" instantiated altera_merlin_router "router_013"
Info: cmd_demux: "mm_interconnect_1" instantiated altera_merlin_demultiplexer "cmd_demux"
Info: cmd_demux_002: "mm_interconnect_1" instantiated altera_merlin_demultiplexer "cmd_demux_002"
Info: cmd_mux: "mm_interconnect_1" instantiated altera_merlin_multiplexer "cmd_mux"
Info: Reusing file /home/ellabuser/altera/15.1/Projects/DE1_SOC_Linux_FB/soc_system/synthesis/submodules/altera_merlin_arbitrator.sv
Info: cmd_mux_002: "mm_interconnect_1" instantiated altera_merlin_multiplexer "cmd_mux_002"
Info: Reusing file /home/ellabuser/altera/15.1/Projects/DE1_SOC_Linux_FB/soc_system/synthesis/submodules/altera_merlin_arbitrator.sv
Info: cmd_mux_010: "mm_interconnect_1" instantiated altera_merlin_multiplexer "cmd_mux_010"
Info: Reusing file /home/ellabuser/altera/15.1/Projects/DE1_SOC_Linux_FB/soc_system/synthesis/submodules/altera_merlin_arbitrator.sv
Info: rsp_demux: "mm_interconnect_1" instantiated altera_merlin_demultiplexer "rsp_demux"
Info: rsp_demux_001: "mm_interconnect_1" instantiated altera_merlin_demultiplexer "rsp_demux_001"
Info: rsp_demux_002: "mm_interconnect_1" instantiated altera_merlin_demultiplexer "rsp_demux_002"
Info: rsp_demux_005: "mm_interconnect_1" instantiated altera_merlin_demultiplexer "rsp_demux_005"
Info: rsp_demux_010: "mm_interconnect_1" instantiated altera_merlin_demultiplexer "rsp_demux_010"
Info: rsp_mux: "mm_interconnect_1" instantiated altera_merlin_multiplexer "rsp_mux"
Info: Reusing file /home/ellabuser/altera/15.1/Projects/DE1_SOC_Linux_FB/soc_system/synthesis/submodules/altera_merlin_arbitrator.sv
Info: rsp_mux_002: "mm_interconnect_1" instantiated altera_merlin_multiplexer "rsp_mux_002"
Info: Reusing file /home/ellabuser/altera/15.1/Projects/DE1_SOC_Linux_FB/soc_system/synthesis/submodules/altera_merlin_arbitrator.sv
Info: crosser: "mm_interconnect_1" instantiated altera_avalon_st_handshake_clock_crosser "crosser"
Info: Reusing file /home/ellabuser/altera/15.1/Projects/DE1_SOC_Linux_FB/soc_system/synthesis/submodules/altera_avalon_st_clock_crosser.v
Info: Reusing file /home/ellabuser/altera/15.1/Projects/DE1_SOC_Linux_FB/soc_system/synthesis/submodules/altera_avalon_st_pipeline_base.v
Warning: Overwriting different file /home/ellabuser/altera/15.1/Projects/DE1_SOC_Linux_FB/soc_system/synthesis/submodules/altera_std_synchronizer_nocut.v
Info: avalon_st_adapter: "mm_interconnect_1" instantiated altera_avalon_st_adapter "avalon_st_adapter"
Info: router: "mm_interconnect_2" instantiated altera_merlin_router "router"
Info: router_002: "mm_interconnect_2" instantiated altera_merlin_router "router_002"
Info: cmd_demux: "mm_interconnect_2" instantiated altera_merlin_demultiplexer "cmd_demux"
Info: cmd_mux: "mm_interconnect_2" instantiated altera_merlin_multiplexer "cmd_mux"
Info: Reusing file /home/ellabuser/altera/15.1/Projects/DE1_SOC_Linux_FB/soc_system/synthesis/submodules/altera_merlin_arbitrator.sv
Info: rsp_demux: "mm_interconnect_2" instantiated altera_merlin_demultiplexer "rsp_demux"
Info: rsp_mux: "mm_interconnect_2" instantiated altera_merlin_multiplexer "rsp_mux"
Info: Reusing file /home/ellabuser/altera/15.1/Projects/DE1_SOC_Linux_FB/soc_system/synthesis/submodules/altera_merlin_arbitrator.sv
Info: avalon_st_adapter: "mm_interconnect_2" instantiated altera_avalon_st_adapter "avalon_st_adapter"
Info: border: "hps_io" instantiated altera_interface_generator "border"
Info: error_adapter_0: "avalon_st_adapter" instantiated error_adapter "error_adapter_0"
Info: error_adapter_0: "avalon_st_adapter" instantiated error_adapter "error_adapter_0"
Info: soc_system: Done "soc_system" with 92 modules, 222 files
Info: qsys-generate succeeded.
Info: Finished: Create HDL design files for synthesis
